\BOOKMARK [1][-]{Doc-Start}{Index of Abbreviations}{}% 1
\BOOKMARK [1][-]{table.0.1}{Index of Tables}{}% 2
\BOOKMARK [1][-]{table.0.1}{Index of Illustrations}{}% 3
\BOOKMARK [1][-]{section.1}{Introduction}{}% 4
\BOOKMARK [2][-]{subsection.1.1}{Problem Statement}{section.1}% 5
\BOOKMARK [2][-]{subsection.1.2}{Objectives}{section.1}% 6
\BOOKMARK [1][-]{section.2}{Augmented Reality in Educational Environments}{}% 7
\BOOKMARK [2][-]{subsection.2.1}{Definition of "Augmented Reality"}{section.2}% 8
\BOOKMARK [2][-]{subsection.2.2}{Five Directions of Augmented Reality in Educational Environments}{section.2}% 9
\BOOKMARK [1][-]{section.3}{Systematic Literature Review}{}% 10
\BOOKMARK [2][-]{subsection.3.1}{Data Collection}{section.3}% 11
\BOOKMARK [2][-]{subsection.3.2}{Data Analysis}{section.3}% 12
\BOOKMARK [1][-]{section.4}{Benefits of Augmented Reality in Educational Environments}{}% 13
\BOOKMARK [2][-]{subsection.4.1}{Benefit Categorization}{section.4}% 14
\BOOKMARK [3][-]{subsubsection.4.1.1}{State of Mind}{subsection.4.1}% 15
\BOOKMARK [3][-]{subsubsection.4.1.2}{Teaching Concepts}{subsection.4.1}% 16
\BOOKMARK [3][-]{subsubsection.4.1.3}{Presentation}{subsection.4.1}% 17
\BOOKMARK [3][-]{subsubsection.4.1.4}{Learning Type}{subsection.4.1}% 18
\BOOKMARK [3][-]{subsubsection.4.1.5}{Content Understanding}{subsection.4.1}% 19
\BOOKMARK [3][-]{subsubsection.4.1.6}{Reduced Cost}{subsection.4.1}% 20
\BOOKMARK [2][-]{subsection.4.2}{Mapping of the Benefits to the \214Five Directions\215}{section.4}% 21
\BOOKMARK [3][-]{subsubsection.4.2.1}{Discovery-based Learning}{subsection.4.2}% 22
\BOOKMARK [3][-]{subsubsection.4.2.2}{Objects Modeling}{subsection.4.2}% 23
\BOOKMARK [3][-]{subsubsection.4.2.3}{AR Books}{subsection.4.2}% 24
\BOOKMARK [3][-]{subsubsection.4.2.4}{Skills Training}{subsection.4.2}% 25
\BOOKMARK [3][-]{subsubsection.4.2.5}{AR Gaming}{subsection.4.2}% 26
\BOOKMARK [1][-]{section.5}{Discussion}{}% 27
\BOOKMARK [1][-]{section.6}{Conclusion}{}% 28
\BOOKMARK [1][-]{section.6}{Bibliography}{}% 29
